<?xml version="1.0" encoding="UTF-8"?>
<!-- Generated by org.testng.reporters.JUnitReportReporter -->
<testsuite hostname="BHUSH" failures="0" tests="1" name="tests.NewContactPageTest" time="0.000" errors="0" timestamp="2022-08-16T17:54:02 IST" skipped="1">
  <testcase classname="tests.NewContactPageTest" name="validateNewCreateContactTest" time="0.000">
    <skipped/>
  </testcase> <!-- validateNewCreateContactTest -->
  <system-out/>
</testsuite> <!-- tests.NewContactPageTest -->
