<?xml version="1.0" encoding="UTF-8"?>
<!-- Generated by org.testng.reporters.JUnitReportReporter -->
<testsuite hostname="BHUSH" failures="0" tests="1" name="tests.NewTaskPageTest" time="0.000" errors="0" timestamp="2022-08-16T17:54:41 IST" skipped="1">
  <testcase classname="tests.NewTaskPageTest" name="validateNewDealPageTest" time="0.000">
    <skipped/>
  </testcase> <!-- validateNewDealPageTest -->
  <system-out/>
</testsuite> <!-- tests.NewTaskPageTest -->
